# JRE version: OpenJDK Runtime Environment (8.0_242-b01) (build 1.8.0_242-release-1644-b01)
# Java VM: OpenJDK 64-Bit Server VM (25.242-b01 mixed mode windows-amd64 compressed oops)
Heap:
 PSYoungGen      total 418816K, used 178034K [0x00000000d5580000, 0x00000000f5080000, 0x0000000100000000)
  eden space 365056K, 34% used [0x00000000d5580000,0x00000000dcedd478,0x00000000eba00000)
  from space 53760K, 99% used [0x00000000f0000000,0x00000000f347f750,0x00000000f3480000)
  to   space 71680K, 0% used [0x00000000eba00000,0x00000000eba00000,0x00000000f0000000)
 ParOldGen       total 181760K, used 122110K [0x0000000080000000, 0x000000008b180000, 0x00000000d5580000)
  object space 181760K, 67% used [0x0000000080000000,0x000000008773f838,0x000000008b180000)
 Metaspace       used 92862K, capacity 97500K, committed 97560K, reserved 1134592K
  class space    used 12226K, capacity 13072K, committed 13096K, reserved 1048576K
GC Heap History (10 events):
Event: 43.115 GC heap before
{Heap before GC invocations=27 (full 3):
 PSYoungGen      total 305664K, used 267789K [0x00000000d5580000, 0x00000000ee200000, 0x0000000100000000)
  eden space 256512K, 100% used [0x00000000d5580000,0x00000000e5000000,0x00000000e5000000)
  from space 49152K, 22% used [0x00000000e5000000,0x00000000e5b03768,0x00000000e8000000)
  to   space 48640K, 0% used [0x00000000eb280000,0x00000000eb280000,0x00000000ee200000)
 ParOldGen       total 181760K, used 85432K [0x0000000080000000, 0x000000008b180000, 0x00000000d5580000)
  object space 181760K, 47% used [0x0000000080000000,0x000000008536e2f0,0x000000008b180000)
 Metaspace       used 78366K, capacity 81952K, committed 82200K, reserved 1120256K
  class space    used 10580K, capacity 11257K, committed 11304K, reserved 1048576K
Event: 43.231 GC heap after
Heap after GC invocations=27 (full 3):
 PSYoungGen      total 350208K, used 14044K [0x00000000d5580000, 0x00000000edd00000, 0x0000000100000000)
  eden space 306688K, 0% used [0x00000000d5580000,0x00000000d5580000,0x00000000e8100000)
  from space 43520K, 32% used [0x00000000eb280000,0x00000000ec0373d0,0x00000000edd00000)
  to   space 47104K, 0% used [0x00000000e8100000,0x00000000e8100000,0x00000000eaf00000)
 ParOldGen       total 181760K, used 86556K [0x0000000080000000, 0x000000008b180000, 0x00000000d5580000)
  object space 181760K, 47% used [0x0000000080000000,0x0000000085487300,0x000000008b180000)
 Metaspace       used 78366K, capacity 81952K, committed 82200K, reserved 1120256K
  class space    used 10580K, capacity 11257K, committed 11304K, reserved 1048576K
}
Event: 46.911 GC heap before
{Heap before GC invocations=28 (full 3):
 PSYoungGen      total 350208K, used 320732K [0x00000000d5580000, 0x00000000edd00000, 0x0000000100000000)
  eden space 306688K, 100% used [0x00000000d5580000,0x00000000e8100000,0x00000000e8100000)
  from space 43520K, 32% used [0x00000000eb280000,0x00000000ec0373d0,0x00000000edd00000)
  to   space 47104K, 0% used [0x00000000e8100000,0x00000000e8100000,0x00000000eaf00000)
 ParOldGen       total 181760K, used 86556K [0x0000000080000000, 0x000000008b180000, 0x00000000d5580000)
  object space 181760K, 47% used [0x0000000080000000,0x0000000085487300,0x000000008b180000)
 Metaspace       used 79878K, capacity 83626K, committed 83736K, reserved 1122304K
  class space    used 10791K, capacity 11476K, committed 11560K, reserved 1048576K
Event: 47.047 GC heap after
Heap after GC invocations=28 (full 3):
 PSYoungGen      total 353792K, used 18077K [0x00000000d5580000, 0x00000000f0300000, 0x0000000100000000)
  eden space 306688K, 0% used [0x00000000d5580000,0x00000000d5580000,0x00000000e8100000)
  from space 47104K, 38% used [0x00000000e8100000,0x00000000e92a7468,0x00000000eaf00000)
  to   space 45056K, 0% used [0x00000000ed700000,0x00000000ed700000,0x00000000f0300000)
 ParOldGen       total 181760K, used 87660K [0x0000000080000000, 0x000000008b180000, 0x00000000d5580000)
  object space 181760K, 48% used [0x0000000080000000,0x000000008559b300,0x000000008b180000)
 Metaspace       used 79878K, capacity 83626K, committed 83736K, reserved 1122304K
  class space    used 10791K, capacity 11476K, committed 11560K, reserved 1048576K
}
Event: 53.008 GC heap before
{Heap before GC invocations=29 (full 3):
 PSYoungGen      total 353792K, used 324765K [0x00000000d5580000, 0x00000000f0300000, 0x0000000100000000)
  eden space 306688K, 100% used [0x00000000d5580000,0x00000000e8100000,0x00000000e8100000)
  from space 47104K, 38% used [0x00000000e8100000,0x00000000e92a7468,0x00000000eaf00000)
  to   space 45056K, 0% used [0x00000000ed700000,0x00000000ed700000,0x00000000f0300000)
 ParOldGen       total 181760K, used 87660K [0x0000000080000000, 0x000000008b180000, 0x00000000d5580000)
  object space 181760K, 48% used [0x0000000080000000,0x000000008559b300,0x000000008b180000)
 Metaspace       used 80760K, capacity 84566K, committed 84888K, reserved 1122304K
  class space    used 10888K, capacity 11584K, committed 11688K, reserved 1048576K
Event: 53.226 GC heap after
Heap after GC invocations=29 (full 3):
 PSYoungGen      total 386048K, used 45036K [0x00000000d5580000, 0x00000000f1280000, 0x0000000100000000)
  eden space 340992K, 0% used [0x00000000d5580000,0x00000000d5580000,0x00000000ea280000)
  from space 45056K, 99% used [0x00000000ed700000,0x00000000f02fb3c0,0x00000000f0300000)
  to   space 53760K, 0% used [0x00000000ea280000,0x00000000ea280000,0x00000000ed700000)
 ParOldGen       total 181760K, used 93800K [0x0000000080000000, 0x000000008b180000, 0x00000000d5580000)
  object space 181760K, 51% used [0x0000000080000000,0x0000000085b9a148,0x000000008b180000)
 Metaspace       used 80760K, capacity 84566K, committed 84888K, reserved 1122304K
  class space    used 10888K, capacity 11584K, committed 11688K, reserved 1048576K
}
Event: 58.992 GC heap before
{Heap before GC invocations=30 (full 3):
 PSYoungGen      total 386048K, used 386028K [0x00000000d5580000, 0x00000000f1280000, 0x0000000100000000)
  eden space 340992K, 100% used [0x00000000d5580000,0x00000000ea280000,0x00000000ea280000)
  from space 45056K, 99% used [0x00000000ed700000,0x00000000f02fb3c0,0x00000000f0300000)
  to   space 53760K, 0% used [0x00000000ea280000,0x00000000ea280000,0x00000000ed700000)
 ParOldGen       total 181760K, used 93800K [0x0000000080000000, 0x000000008b180000, 0x00000000d5580000)
  object space 181760K, 51% used [0x0000000080000000,0x0000000085b9a148,0x000000008b180000)
 Metaspace       used 83110K, capacity 87082K, committed 87320K, reserved 1124352K
  class space    used 11234K, capacity 11988K, committed 12072K, reserved 1048576K
Event: 59.096 GC heap after
Heap after GC invocations=30 (full 3):
 PSYoungGen      total 394752K, used 31948K [0x00000000d5580000, 0x00000000f3480000, 0x0000000100000000)
  eden space 340992K, 0% used [0x00000000d5580000,0x00000000d5580000,0x00000000ea280000)
  from space 53760K, 59% used [0x00000000ea280000,0x00000000ec1b3280,0x00000000ed700000)
  to   space 53760K, 0% used [0x00000000f0000000,0x00000000f0000000,0x00000000f3480000)
 ParOldGen       total 181760K, used 95424K [0x0000000080000000, 0x000000008b180000, 0x00000000d5580000)
  object space 181760K, 52% used [0x0000000080000000,0x0000000085d30148,0x000000008b180000)
 Metaspace       used 83110K, capacity 87082K, committed 87320K, reserved 1124352K
  class space    used 11234K, capacity 11988K, committed 12072K, reserved 1048576K
}
Event: 408.090 GC heap before
{Heap before GC invocations=31 (full 3):
 PSYoungGen      total 394752K, used 372940K [0x00000000d5580000, 0x00000000f3480000, 0x0000000100000000)
  eden space 340992K, 100% used [0x00000000d5580000,0x00000000ea280000,0x00000000ea280000)
  from space 53760K, 59% used [0x00000000ea280000,0x00000000ec1b3280,0x00000000ed700000)
  to   space 53760K, 0% used [0x00000000f0000000,0x00000000f0000000,0x00000000f3480000)
 ParOldGen       total 181760K, used 95424K [0x0000000080000000, 0x000000008b180000, 0x00000000d5580000)
  object space 181760K, 52% used [0x0000000080000000,0x0000000085d30148,0x000000008b180000)
 Metaspace       used 92744K, capacity 97270K, committed 97304K, reserved 1134592K
  class space    used 12220K, capacity 13065K, committed 13096K, reserved 1048576K
Event: 408.276 GC heap after
Heap after GC invocations=31 (full 3):
 PSYoungGen      total 418816K, used 53757K [0x00000000d5580000, 0x00000000f5080000, 0x0000000100000000)
  eden space 365056K, 0% used [0x00000000d5580000,0x00000000d5580000,0x00000000eba00000)
  from space 53760K, 99% used [0x00000000f0000000,0x00000000f347f750,0x00000000f3480000)
  to   space 71680K, 0% used [0x00000000eba00000,0x00000000eba00000,0x00000000f0000000)
 ParOldGen       total 181760K, used 122110K [0x0000000080000000, 0x000000008b180000, 0x00000000d5580000)
  object space 181760K, 67% used [0x0000000080000000,0x000000008773f838,0x000000008b180000)
 Metaspace       used 92744K, capacity 97270K, committed 97304K, reserved 1134592K
  class space    used 12220K, capacity 13065K, committed 13096K, reserved 1048576K
}

