# JRE version: OpenJDK Runtime Environment (8.0_242-b01) (build 1.8.0_242-release-1644-b01)
# Java VM: OpenJDK 64-Bit Server VM (25.242-b01 mixed mode windows-amd64 compressed oops)
Heap:
 PSYoungGen      total 428032K, used 66351K [0x00000000d5580000, 0x00000000f5800000, 0x0000000100000000)
  eden space 382976K, 11% used [0x00000000d5580000,0x00000000d7f52040,0x00000000ecb80000)
  from space 45056K, 52% used [0x00000000ecb80000,0x00000000ee279ca8,0x00000000ef780000)
  to   space 40960K, 0% used [0x00000000f3000000,0x00000000f3000000,0x00000000f5800000)
 ParOldGen       total 148480K, used 88307K [0x0000000080000000, 0x0000000089100000, 0x00000000d5580000)
  object space 148480K, 59% used [0x0000000080000000,0x000000008563ce30,0x0000000089100000)
 Metaspace       used 94043K, capacity 98212K, committed 98840K, reserved 1134592K
  class space    used 12413K, capacity 13195K, committed 13360K, reserved 1048576K
GC Heap History (10 events):
Event: 90.857 GC heap before
{Heap before GC invocations=29 (full 4):
 PSYoungGen      total 377856K, used 336384K [0x00000000d5580000, 0x00000000ef880000, 0x0000000100000000)
  eden space 336384K, 100% used [0x00000000d5580000,0x00000000e9e00000,0x00000000e9e00000)
  from space 41472K, 0% used [0x00000000ec780000,0x00000000ec780000,0x00000000ef000000)
  to   space 42496K, 0% used [0x00000000e9e00000,0x00000000e9e00000,0x00000000ec780000)
 ParOldGen       total 148480K, used 88291K [0x0000000080000000, 0x0000000089100000, 0x00000000d5580000)
  object space 148480K, 59% used [0x0000000080000000,0x0000000085638e30,0x0000000089100000)
 Metaspace       used 93985K, capacity 98178K, committed 98840K, reserved 1134592K
  class space    used 12411K, capacity 13192K, committed 13360K, reserved 1048576K
Event: 90.889 GC heap after
Heap after GC invocations=29 (full 4):
 PSYoungGen      total 378880K, used 4964K [0x00000000d5580000, 0x00000000f2900000, 0x0000000100000000)
  eden space 336384K, 0% used [0x00000000d5580000,0x00000000d5580000,0x00000000e9e00000)
  from space 42496K, 11% used [0x00000000e9e00000,0x00000000ea2d9218,0x00000000ec780000)
  to   space 45056K, 0% used [0x00000000efd00000,0x00000000efd00000,0x00000000f2900000)
 ParOldGen       total 148480K, used 88291K [0x0000000080000000, 0x0000000089100000, 0x00000000d5580000)
  object space 148480K, 59% used [0x0000000080000000,0x0000000085638e30,0x0000000089100000)
 Metaspace       used 93985K, capacity 98178K, committed 98840K, reserved 1134592K
  class space    used 12411K, capacity 13192K, committed 13360K, reserved 1048576K
}
Event: 95.588 GC heap before
{Heap before GC invocations=30 (full 4):
 PSYoungGen      total 378880K, used 341348K [0x00000000d5580000, 0x00000000f2900000, 0x0000000100000000)
  eden space 336384K, 100% used [0x00000000d5580000,0x00000000e9e00000,0x00000000e9e00000)
  from space 42496K, 11% used [0x00000000e9e00000,0x00000000ea2d9218,0x00000000ec780000)
  to   space 45056K, 0% used [0x00000000efd00000,0x00000000efd00000,0x00000000f2900000)
 ParOldGen       total 148480K, used 88291K [0x0000000080000000, 0x0000000089100000, 0x00000000d5580000)
  object space 148480K, 59% used [0x0000000080000000,0x0000000085638e30,0x0000000089100000)
 Metaspace       used 93998K, capacity 98186K, committed 98840K, reserved 1134592K
  class space    used 12411K, capacity 13192K, committed 13360K, reserved 1048576K
Event: 95.608 GC heap after
Heap after GC invocations=30 (full 4):
 PSYoungGen      total 422400K, used 5982K [0x00000000d5580000, 0x00000000f2380000, 0x0000000100000000)
  eden space 382976K, 0% used [0x00000000d5580000,0x00000000d5580000,0x00000000ecb80000)
  from space 39424K, 15% used [0x00000000efd00000,0x00000000f02d7aa0,0x00000000f2380000)
  to   space 45056K, 0% used [0x00000000ecb80000,0x00000000ecb80000,0x00000000ef780000)
 ParOldGen       total 148480K, used 88291K [0x0000000080000000, 0x0000000089100000, 0x00000000d5580000)
  object space 148480K, 59% used [0x0000000080000000,0x0000000085638e30,0x0000000089100000)
 Metaspace       used 93998K, capacity 98186K, committed 98840K, reserved 1134592K
  class space    used 12411K, capacity 13192K, committed 13360K, reserved 1048576K
}
Event: 98.802 GC heap before
{Heap before GC invocations=31 (full 4):
 PSYoungGen      total 422400K, used 388958K [0x00000000d5580000, 0x00000000f2380000, 0x0000000100000000)
  eden space 382976K, 100% used [0x00000000d5580000,0x00000000ecb80000,0x00000000ecb80000)
  from space 39424K, 15% used [0x00000000efd00000,0x00000000f02d7aa0,0x00000000f2380000)
  to   space 45056K, 0% used [0x00000000ecb80000,0x00000000ecb80000,0x00000000ef780000)
 ParOldGen       total 148480K, used 88291K [0x0000000080000000, 0x0000000089100000, 0x00000000d5580000)
  object space 148480K, 59% used [0x0000000080000000,0x0000000085638e30,0x0000000089100000)
 Metaspace       used 94021K, capacity 98202K, committed 98840K, reserved 1134592K
  class space    used 12412K, capacity 13194K, committed 13360K, reserved 1048576K
Event: 98.868 GC heap after
Heap after GC invocations=31 (full 4):
 PSYoungGen      total 428032K, used 20252K [0x00000000d5580000, 0x00000000f2380000, 0x0000000100000000)
  eden space 382976K, 0% used [0x00000000d5580000,0x00000000d5580000,0x00000000ecb80000)
  from space 45056K, 44% used [0x00000000ecb80000,0x00000000edf47168,0x00000000ef780000)
  to   space 39424K, 0% used [0x00000000efd00000,0x00000000efd00000,0x00000000f2380000)
 ParOldGen       total 148480K, used 88299K [0x0000000080000000, 0x0000000089100000, 0x00000000d5580000)
  object space 148480K, 59% used [0x0000000080000000,0x000000008563ae30,0x0000000089100000)
 Metaspace       used 94021K, capacity 98202K, committed 98840K, reserved 1134592K
  class space    used 12412K, capacity 13194K, committed 13360K, reserved 1048576K
}
Event: 101.493 GC heap before
{Heap before GC invocations=32 (full 4):
 PSYoungGen      total 428032K, used 403228K [0x00000000d5580000, 0x00000000f2380000, 0x0000000100000000)
  eden space 382976K, 100% used [0x00000000d5580000,0x00000000ecb80000,0x00000000ecb80000)
  from space 45056K, 44% used [0x00000000ecb80000,0x00000000edf47168,0x00000000ef780000)
  to   space 39424K, 0% used [0x00000000efd00000,0x00000000efd00000,0x00000000f2380000)
 ParOldGen       total 148480K, used 88299K [0x0000000080000000, 0x0000000089100000, 0x00000000d5580000)
  object space 148480K, 59% used [0x0000000080000000,0x000000008563ae30,0x0000000089100000)
 Metaspace       used 94027K, capacity 98202K, committed 98840K, reserved 1134592K
  class space    used 12412K, capacity 13194K, committed 13360K, reserved 1048576K
Event: 101.609 GC heap after
Heap after GC invocations=32 (full 4):
 PSYoungGen      total 422400K, used 20601K [0x00000000d5580000, 0x00000000f2380000, 0x0000000100000000)
  eden space 382976K, 0% used [0x00000000d5580000,0x00000000d5580000,0x00000000ecb80000)
  from space 39424K, 52% used [0x00000000efd00000,0x00000000f111e498,0x00000000f2380000)
  to   space 45056K, 0% used [0x00000000ecb80000,0x00000000ecb80000,0x00000000ef780000)
 ParOldGen       total 148480K, used 88299K [0x0000000080000000, 0x0000000089100000, 0x00000000d5580000)
  object space 148480K, 59% used [0x0000000080000000,0x000000008563ae30,0x0000000089100000)
 Metaspace       used 94027K, capacity 98202K, committed 98840K, reserved 1134592K
  class space    used 12412K, capacity 13194K, committed 13360K, reserved 1048576K
}
Event: 104.569 GC heap before
{Heap before GC invocations=33 (full 4):
 PSYoungGen      total 422400K, used 403577K [0x00000000d5580000, 0x00000000f2380000, 0x0000000100000000)
  eden space 382976K, 100% used [0x00000000d5580000,0x00000000ecb80000,0x00000000ecb80000)
  from space 39424K, 52% used [0x00000000efd00000,0x00000000f111e498,0x00000000f2380000)
  to   space 45056K, 0% used [0x00000000ecb80000,0x00000000ecb80000,0x00000000ef780000)
 ParOldGen       total 148480K, used 88299K [0x0000000080000000, 0x0000000089100000, 0x00000000d5580000)
  object space 148480K, 59% used [0x0000000080000000,0x000000008563ae30,0x0000000089100000)
 Metaspace       used 94039K, capacity 98212K, committed 98840K, reserved 1134592K
  class space    used 12413K, capacity 13195K, committed 13360K, reserved 1048576K
Event: 104.681 GC heap after
Heap after GC invocations=33 (full 4):
 PSYoungGen      total 428032K, used 23527K [0x00000000d5580000, 0x00000000f5800000, 0x0000000100000000)
  eden space 382976K, 0% used [0x00000000d5580000,0x00000000d5580000,0x00000000ecb80000)
  from space 45056K, 52% used [0x00000000ecb80000,0x00000000ee279ca8,0x00000000ef780000)
  to   space 40960K, 0% used [0x00000000f3000000,0x00000000f3000000,0x00000000f5800000)
 ParOldGen       total 148480K, used 88307K [0x0000000080000000, 0x0000000089100000, 0x00000000d5580000)
  object space 148480K, 59% used [0x0000000080000000,0x000000008563ce30,0x0000000089100000)
 Metaspace       used 94039K, capacity 98212K, committed 98840K, reserved 1134592K
  class space    used 12413K, capacity 13195K, committed 13360K, reserved 1048576K
}

